{"C:\\Users\\Bax Musik\\Desktop\\Coders\\alg_övningar\\flux_calc\\ex2-1.js": {"path":"C:\\Users\\Bax Musik\\Desktop\\Coders\\alg_övningar\\flux_calc\\ex2-1.js","statementMap":{"0":{"start":{"line":13,"column":4},"end":{"line":15,"column":5}},"1":{"start":{"line":14,"column":8},"end":{"line":14,"column":17}},"2":{"start":{"line":17,"column":4},"end":{"line":19,"column":5}},"3":{"start":{"line":18,"column":8},"end":{"line":18,"column":24}},"4":{"start":{"line":21,"column":4},"end":{"line":49,"column":5}},"5":{"start":{"line":22,"column":20},"end":{"line":22,"column":21}},"6":{"start":{"line":23,"column":8},"end":{"line":42,"column":9}},"7":{"start":{"line":26,"column":16},"end":{"line":26,"column":59}},"8":{"start":{"line":27,"column":16},"end":{"line":27,"column":22}},"9":{"start":{"line":31,"column":16},"end":{"line":31,"column":58}},"10":{"start":{"line":32,"column":16},"end":{"line":32,"column":22}},"11":{"start":{"line":36,"column":16},"end":{"line":36,"column":59}},"12":{"start":{"line":37,"column":16},"end":{"line":37,"column":22}},"13":{"start":{"line":40,"column":16},"end":{"line":40,"column":26}},"14":{"start":{"line":41,"column":16},"end":{"line":41,"column":22}},"15":{"start":{"line":44,"column":8},"end":{"line":44,"column":26}},"16":{"start":{"line":45,"column":11},"end":{"line":49,"column":5}},"17":{"start":{"line":46,"column":8},"end":{"line":46,"column":25}},"18":{"start":{"line":48,"column":8},"end":{"line":48,"column":17}},"19":{"start":{"line":52,"column":0},"end":{"line":52,"column":35}}},"fnMap":{"0":{"name":"calculateFlux","decl":{"start":{"line":12,"column":10},"end":{"line":12,"column":23}},"loc":{"start":{"line":12,"column":36},"end":{"line":50,"column":1}},"line":12}},"branchMap":{"0":{"loc":{"start":{"line":13,"column":4},"end":{"line":15,"column":5}},"type":"if","locations":[{"start":{"line":13,"column":4},"end":{"line":15,"column":5}},{"start":{},"end":{}}],"line":13},"1":{"loc":{"start":{"line":13,"column":8},"end":{"line":13,"column":24}},"type":"binary-expr","locations":[{"start":{"line":13,"column":8},"end":{"line":13,"column":14}},{"start":{"line":13,"column":18},"end":{"line":13,"column":24}}],"line":13},"2":{"loc":{"start":{"line":17,"column":4},"end":{"line":19,"column":5}},"type":"if","locations":[{"start":{"line":17,"column":4},"end":{"line":19,"column":5}},{"start":{},"end":{}}],"line":17},"3":{"loc":{"start":{"line":17,"column":8},"end":{"line":17,"column":27}},"type":"binary-expr","locations":[{"start":{"line":17,"column":8},"end":{"line":17,"column":14}},{"start":{"line":17,"column":18},"end":{"line":17,"column":27}}],"line":17},"4":{"loc":{"start":{"line":21,"column":4},"end":{"line":49,"column":5}},"type":"if","locations":[{"start":{"line":21,"column":4},"end":{"line":49,"column":5}},{"start":{"line":45,"column":11},"end":{"line":49,"column":5}}],"line":21},"5":{"loc":{"start":{"line":23,"column":8},"end":{"line":42,"column":9}},"type":"switch","locations":[{"start":{"line":24,"column":12},"end":{"line":27,"column":22}},{"start":{"line":29,"column":12},"end":{"line":32,"column":22}},{"start":{"line":34,"column":12},"end":{"line":37,"column":22}},{"start":{"line":39,"column":12},"end":{"line":41,"column":22}}],"line":23},"6":{"loc":{"start":{"line":45,"column":11},"end":{"line":49,"column":5}},"type":"if","locations":[{"start":{"line":45,"column":11},"end":{"line":49,"column":5}},{"start":{"line":47,"column":11},"end":{"line":49,"column":5}}],"line":45}},"s":{"0":1084,"1":1,"2":1083,"3":1,"4":1082,"5":998,"6":998,"7":300,"8":300,"9":300,"10":300,"11":300,"12":300,"13":98,"14":98,"15":998,"16":84,"17":42,"18":42,"19":1},"f":{"0":1084},"b":{"0":[1,1083],"1":[1084,1],"2":[1,1082],"3":[1083,1081],"4":[998,84],"5":[300,300,300,98],"6":[42,42]},"_coverageSchema":"1a1c01bbd47fc00a2c39e90264f33305004495a9","hash":"c3a604b8206477638d29592a5d4eea3afc1622a6"}
}
