TN:
SF:ex2-1.js
FN:12,calculateFlux
FNF:1
FNH:1
FNDA:1288,calculateFlux
DA:13,1288
DA:14,2
DA:17,1286
DA:18,2
DA:21,1284
DA:22,1198
DA:23,1198
DA:26,300
DA:27,300
DA:31,500
DA:32,500
DA:36,300
DA:37,300
DA:40,98
DA:41,98
DA:44,1198
DA:45,86
DA:46,43
DA:48,43
DA:52,1
LF:20
LH:20
BRDA:13,0,0,2
BRDA:13,0,1,1286
BRDA:13,1,0,1288
BRDA:13,1,1,2
BRDA:17,2,0,2
BRDA:17,2,1,1284
BRDA:17,3,0,1286
BRDA:17,3,1,1284
BRDA:21,4,0,1198
BRDA:21,4,1,86
BRDA:23,5,0,300
BRDA:23,5,1,500
BRDA:23,5,2,300
BRDA:23,5,3,98
BRDA:45,6,0,43
BRDA:45,6,1,43
BRF:16
BRH:16
end_of_record
