TN:
SF:ex2-1.js
FN:12,calculateFlux
FNF:1
FNH:1
FNDA:1084,calculateFlux
DA:13,1084
DA:14,1
DA:17,1083
DA:18,1
DA:21,1082
DA:22,998
DA:23,998
DA:26,300
DA:27,300
DA:31,300
DA:32,300
DA:36,300
DA:37,300
DA:40,98
DA:41,98
DA:44,998
DA:45,84
DA:46,42
DA:48,42
DA:52,1
LF:20
LH:20
BRDA:13,0,0,1
BRDA:13,0,1,1083
BRDA:13,1,0,1084
BRDA:13,1,1,1
BRDA:17,2,0,1
BRDA:17,2,1,1082
BRDA:17,3,0,1083
BRDA:17,3,1,1081
BRDA:21,4,0,998
BRDA:21,4,1,84
BRDA:23,5,0,300
BRDA:23,5,1,300
BRDA:23,5,2,300
BRDA:23,5,3,98
BRDA:45,6,0,42
BRDA:45,6,1,42
BRF:16
BRH:16
end_of_record
